[debug] [2018-02-15T22:23:42.378Z] ----------------------------------------------------------------------
[debug] [2018-02-15T22:23:42.381Z] Command:       /usr/local/bin/node /usr/local/bin/firebase deploy
[debug] [2018-02-15T22:23:42.381Z] CLI Version:   3.17.3
[debug] [2018-02-15T22:23:42.381Z] Platform:      darwin
[debug] [2018-02-15T22:23:42.381Z] Node Version:  v8.7.0
[debug] [2018-02-15T22:23:42.382Z] Time:          Fri Feb 16 2018 01:23:42 GMT+0300 (MSK)
[debug] [2018-02-15T22:23:42.382Z] ----------------------------------------------------------------------
[debug] 
[debug] [2018-02-15T22:23:42.399Z] > command requires scopes: ["email","openid","https://www.googleapis.com/auth/cloudplatformprojects.readonly","https://www.googleapis.com/auth/firebase","https://www.googleapis.com/auth/cloud-platform"]
[debug] [2018-02-15T22:23:42.399Z] > authorizing via signed-in user
[debug] [2018-02-15T22:23:42.402Z] > refreshing access token with scopes: ["email","https://www.googleapis.com/auth/cloud-platform","https://www.googleapis.com/auth/cloudplatformprojects.readonly","https://www.googleapis.com/auth/firebase","openid"]
[debug] [2018-02-15T22:23:42.402Z] >>> HTTP REQUEST POST https://www.googleapis.com/oauth2/v3/token  
 { refresh_token: '1/SGnXKV7rsT2_FEurnBKrAGXyQSzrT46JU_Gy-jSzit535pPGIGNSSvYaSZSTqZkB',
  client_id: '563584335869-fgrhgmd47bqnekij5i8b5pr03ho849e6.apps.googleusercontent.com',
  client_secret: 'j9iVZfS8kkCEFUPaAeJV0sAi',
  grant_type: 'refresh_token',
  scope: 'email https://www.googleapis.com/auth/cloud-platform https://www.googleapis.com/auth/cloudplatformprojects.readonly https://www.googleapis.com/auth/firebase openid' } 
 Fri Feb 16 2018 01:23:42 GMT+0300 (MSK)
[debug] [2018-02-15T22:23:44.309Z] <<< HTTP RESPONSE 200
[debug] [2018-02-15T22:23:44.366Z] >>> HTTP REQUEST GET https://admin.firebase.com/v1/projects/wtm18-d31f1  
  
 Fri Feb 16 2018 01:23:44 GMT+0300 (MSK)
[debug] [2018-02-15T22:23:45.606Z] <<< HTTP RESPONSE 200
[debug] [2018-02-15T22:23:45.607Z] >>> HTTP REQUEST GET https://admin.firebase.com/v1/database/wtm18-d31f1/tokens  
  
 Fri Feb 16 2018 01:23:45 GMT+0300 (MSK)
[debug] [2018-02-15T22:23:46.740Z] <<< HTTP RESPONSE 200
[info] 
[info] === Deploying to 'wtm18-d31f1'...
[info] 
[info] i  deploying database, functions, hosting
[info] i  database: checking rules syntax...
[debug] [2018-02-15T22:23:47.876Z] >>> HTTP REQUEST PUT https://wtm18-d31f1.firebaseio.com/.settings/rules.json?dryRun=true  
 {
  "rules": {
    ".read": true,
    ".write": false,
    "ratings": {
      ".read": false,
      ".write": false,
      "$uid": {
        ".read": "auth.uid === $uid",
        ".write": "auth.uid === $uid"
      }
    },
    "featuredSessions": {
      ".read": false,
      ".write": false,
      "$uid": {
        ".read": "auth.uid === $uid",
        ".write": "auth.uid === $uid"
      }
    },
    "speakers": {
      ".read": true,
      ".write": "root.child('users').child(auth.uid).child('rules').child('speakers').val() === true"
    },
    "subscribers": {
      ".read": false,
      ".write": true
    },
    "notifications": {
      ".read": false,
      ".write": false,
      "subscribers": {
        ".read": true,
        ".write": true
      },
      "users": {
        ".read": false,
        ".write": false,
        "$uid": {
          ".read": "auth.uid === $uid",
          ".write": "auth.uid === $uid"
        }
      }
    }
  }
}
 
 Fri Feb 16 2018 01:23:47 GMT+0300 (MSK)
[debug] [2018-02-15T22:23:49.115Z] <<< HTTP RESPONSE 200
[info] ✔  database: rules syntax for database wtm18-d31f1 is valid
[debug] [2018-02-15T22:23:49.126Z] > [functions] package.json contents: {
  "name": "hoverboard-functions",
  "description": "Hoverboard serverless functions",
  "dependencies": {
    "firebase-admin": "^5.8.1",
    "firebase-functions": "^0.8.1",
    "moment": "^2.20.1"
  },
  "private": true
}
[info] i  functions: ensuring necessary APIs are enabled...
[debug] [2018-02-15T22:23:49.129Z] >>> HTTP REQUEST GET https://servicemanagement.googleapis.com/v1/services/cloudfunctions.googleapis.com/projectSettings/wtm18-d31f1?view=CONSUMER_VIEW  
  
 Fri Feb 16 2018 01:23:49 GMT+0300 (MSK)
[debug] [2018-02-15T22:23:49.129Z] >>> HTTP REQUEST GET https://servicemanagement.googleapis.com/v1/services/runtimeconfig.googleapis.com/projectSettings/wtm18-d31f1?view=CONSUMER_VIEW  
  
 Fri Feb 16 2018 01:23:49 GMT+0300 (MSK)
[debug] [2018-02-15T22:23:51.937Z] <<< HTTP RESPONSE 200
[info] ✔  functions: all necessary APIs are enabled
[debug] [2018-02-15T22:23:51.980Z] <<< HTTP RESPONSE 200
[debug] [2018-02-15T22:23:51.982Z] >>> HTTP REQUEST GET https://appengine.googleapis.com/v1/apps/wtm18-d31f1  
  
 Fri Feb 16 2018 01:23:51 GMT+0300 (MSK)
[debug] [2018-02-15T22:23:51.983Z] >>> HTTP REQUEST GET https://apikeys.googleapis.com/v1/projects/wtm18-d31f1/apiKeys  
  
 Fri Feb 16 2018 01:23:51 GMT+0300 (MSK)
[debug] [2018-02-15T22:23:53.097Z] <<< HTTP RESPONSE 200
[debug] [2018-02-15T22:23:53.491Z] <<< HTTP RESPONSE 200
[info] i  functions: preparing functions directory for uploading...
[info] i  functions: packaged functions (3.69 KB) for uploading
[debug] [2018-02-15T22:23:53.978Z] >>> HTTP REQUEST GET https://www.googleapis.com/storage/v1/b/staging.wtm18-d31f1.appspot.com  
  
 Fri Feb 16 2018 01:23:53 GMT+0300 (MSK)
[debug] [2018-02-15T22:23:54.967Z] <<< HTTP RESPONSE 200
[debug] [2018-02-15T22:23:54.969Z] >>> HTTP REQUEST POST https://www.googleapis.com/upload/storage/v1/b/staging.wtm18-d31f1.appspot.com/o?uploadType=media&name=firebase-functions-source  
 ReadStream {
  _readableState: 
   ReadableState {
     objectMode: false,
     highWaterMark: 65536,
     buffer: BufferList { head: [Object], tail: [Object], length: 1 },
     length: 3779,
     pipes: null,
     pipesCount: 0,
     flowing: null,
     ended: true,
     endEmitted: false,
     reading: false,
     sync: false,
     needReadable: false,
     emittedReadable: true,
     readableListening: false,
     resumeScheduled: false,
     destroyed: false,
     defaultEncoding: 'utf8',
     awaitDrain: 0,
     readingMore: false,
     decoder: null,
     encoding: null },
  readable: true,
  domain: null,
  _events: { end: [Function] },
  _eventsCount: 1,
  _maxListeners: undefined,
  path: '/var/folders/kb/zg6fs7397xz4fzvc0_2_cwvm0000gp/T/firebase-functions-6618EiPI9AUT4jVv.zip',
  fd: 18,
  flags: 'r',
  mode: 438,
  start: undefined,
  end: undefined,
  autoClose: true,
  pos: undefined,
  bytesRead: 3779 } 
 Fri Feb 16 2018 01:23:54 GMT+0300 (MSK)
[debug] [2018-02-15T22:23:55.593Z] <<< HTTP RESPONSE 200
[info] ✔  functions: functions folder uploaded successfully
[info] i  hosting: preparing ./build directory for upload...
[debug] [2018-02-15T22:23:58.028Z] >>> HTTP REQUEST PUT https://deploy.firebase.com/v1/hosting/wtm18-d31f1/uploads/-L5QZGdMh3wy-_rCOlkf?fileCount=92&message=  
  
 Fri Feb 16 2018 01:23:58 GMT+0300 (MSK)
